[35m[1mScanning dependencies of target _baxter_maintenance_msgs_generate_messages_check_deps_CalibrateArmEnable[0m
[35m[1mScanning dependencies of target _baxter_maintenance_msgs_generate_messages_check_deps_TareData[0m
[35m[1mScanning dependencies of target _baxter_maintenance_msgs_generate_messages_check_deps_CalibrateArmData[0m
[35m[1mScanning dependencies of target _baxter_maintenance_msgs_generate_messages_check_deps_UpdateStatus[0m
[35m[1mScanning dependencies of target _baxter_maintenance_msgs_generate_messages_check_deps_UpdateSource[0m
[35m[1mScanning dependencies of target _baxter_maintenance_msgs_generate_messages_check_deps_UpdateSources[0m
[35m[1mScanning dependencies of target _baxter_maintenance_msgs_generate_messages_check_deps_TareEnable[0m
[35m[1mScanning dependencies of target std_msgs_generate_messages_py[0m
[  0%] Built target _baxter_maintenance_msgs_generate_messages_check_deps_UpdateStatus
[  0%] Built target std_msgs_generate_messages_py
[35m[1mScanning dependencies of target std_msgs_generate_messages_nodejs[0m
[35m[1mScanning dependencies of target std_msgs_generate_messages_lisp[0m
[  0%] Built target _baxter_maintenance_msgs_generate_messages_check_deps_UpdateSource
[  0%] Built target _baxter_maintenance_msgs_generate_messages_check_deps_TareEnable
[  0%] Built target _baxter_maintenance_msgs_generate_messages_check_deps_CalibrateArmEnable
[  0%] Built target _baxter_maintenance_msgs_generate_messages_check_deps_UpdateSources
[  0%] Built target std_msgs_generate_messages_lisp
[  0%] Built target _baxter_maintenance_msgs_generate_messages_check_deps_TareData
[  0%] Built target _baxter_maintenance_msgs_generate_messages_check_deps_CalibrateArmData
[35m[1mScanning dependencies of target std_msgs_generate_messages_eus[0m
[  0%] Built target std_msgs_generate_messages_nodejs
[35m[1mScanning dependencies of target std_msgs_generate_messages_cpp[0m
[35m[1mScanning dependencies of target baxter_maintenance_msgs_generate_messages_py[0m
[  0%] Built target std_msgs_generate_messages_cpp
[35m[1mScanning dependencies of target baxter_maintenance_msgs_generate_messages_nodejs[0m
[35m[1mScanning dependencies of target baxter_maintenance_msgs_generate_messages_lisp[0m
[  2%] [34m[1mGenerating Javascript code from baxter_maintenance_msgs/UpdateSource.msg[0m
[  2%] Built target std_msgs_generate_messages_eus
[  5%] [34m[1mGenerating Lisp code from baxter_maintenance_msgs/UpdateSource.msg[0m
[  8%] [34m[1mGenerating Javascript code from baxter_maintenance_msgs/CalibrateArmData.msg[0m
[35m[1mScanning dependencies of target baxter_maintenance_msgs_generate_messages_eus[0m
[ 10%] [34m[1mGenerating Python from MSG baxter_maintenance_msgs/UpdateSource[0m
[ 13%] [34m[1mGenerating Javascript code from baxter_maintenance_msgs/UpdateStatus.msg[0m
[ 16%] [34m[1mGenerating Javascript code from baxter_maintenance_msgs/TareData.msg[0m
[35m[1mScanning dependencies of target baxter_maintenance_msgs_generate_messages_cpp[0m
[ 18%] [34m[1mGenerating EusLisp code from baxter_maintenance_msgs/UpdateSource.msg[0m
[ 21%] [34m[1mGenerating C++ code from baxter_maintenance_msgs/UpdateSource.msg[0m
[ 24%] [34m[1mGenerating Javascript code from baxter_maintenance_msgs/CalibrateArmEnable.msg[0m
[ 27%] [34m[1mGenerating Javascript code from baxter_maintenance_msgs/TareEnable.msg[0m
[ 29%] [34m[1mGenerating Python from MSG baxter_maintenance_msgs/CalibrateArmData[0m
[ 32%] [34m[1mGenerating Lisp code from baxter_maintenance_msgs/CalibrateArmData.msg[0m
[ 35%] [34m[1mGenerating Javascript code from baxter_maintenance_msgs/UpdateSources.msg[0m
[ 37%] [34m[1mGenerating EusLisp code from baxter_maintenance_msgs/CalibrateArmData.msg[0m
[ 40%] [34m[1mGenerating EusLisp code from baxter_maintenance_msgs/TareData.msg[0m
[ 43%] [34m[1mGenerating C++ code from baxter_maintenance_msgs/CalibrateArmData.msg[0m
[ 45%] [34m[1mGenerating EusLisp code from baxter_maintenance_msgs/UpdateStatus.msg[0m
[ 45%] Built target baxter_maintenance_msgs_generate_messages_nodejs
[ 48%] [34m[1mGenerating EusLisp code from baxter_maintenance_msgs/CalibrateArmEnable.msg[0m
[ 51%] [34m[1mGenerating Python from MSG baxter_maintenance_msgs/UpdateStatus[0m
[ 54%] [34m[1mGenerating Lisp code from baxter_maintenance_msgs/UpdateStatus.msg[0m
[ 56%] [34m[1mGenerating EusLisp code from baxter_maintenance_msgs/TareEnable.msg[0m
[ 59%] [34m[1mGenerating C++ code from baxter_maintenance_msgs/UpdateStatus.msg[0m
[ 62%] [34m[1mGenerating EusLisp code from baxter_maintenance_msgs/UpdateSources.msg[0m
[ 64%] [34m[1mGenerating Lisp code from baxter_maintenance_msgs/TareData.msg[0m
[ 67%] [34m[1mGenerating EusLisp manifest code for baxter_maintenance_msgs[0m
[ 70%] [34m[1mGenerating Python from MSG baxter_maintenance_msgs/TareData[0m
[ 72%] [34m[1mGenerating Lisp code from baxter_maintenance_msgs/CalibrateArmEnable.msg[0m
[ 75%] [34m[1mGenerating Lisp code from baxter_maintenance_msgs/TareEnable.msg[0m
[ 78%] [34m[1mGenerating Python from MSG baxter_maintenance_msgs/CalibrateArmEnable[0m
[ 81%] [34m[1mGenerating Lisp code from baxter_maintenance_msgs/UpdateSources.msg[0m
[ 83%] [34m[1mGenerating C++ code from baxter_maintenance_msgs/TareData.msg[0m
[ 86%] [34m[1mGenerating Python from MSG baxter_maintenance_msgs/TareEnable[0m
[ 89%] [34m[1mGenerating C++ code from baxter_maintenance_msgs/CalibrateArmEnable.msg[0m
[ 91%] [34m[1mGenerating C++ code from baxter_maintenance_msgs/TareEnable.msg[0m
[ 94%] [34m[1mGenerating Python from MSG baxter_maintenance_msgs/UpdateSources[0m
[ 97%] [34m[1mGenerating C++ code from baxter_maintenance_msgs/UpdateSources.msg[0m
[ 97%] Built target baxter_maintenance_msgs_generate_messages_lisp
[100%] [34m[1mGenerating Python msg __init__.py for baxter_maintenance_msgs[0m
[100%] Built target baxter_maintenance_msgs_generate_messages_py
[100%] Built target baxter_maintenance_msgs_generate_messages_cpp
[100%] Built target baxter_maintenance_msgs_generate_messages_eus
[35m[1mScanning dependencies of target baxter_maintenance_msgs_generate_messages[0m
[100%] Built target baxter_maintenance_msgs_generate_messages
