Determining if the pthread_create exist failed with the following output:
Change Dir: /home/parallels/catkin_ws/build/baxter_tools/CMakeFiles/CMakeTmp

Run Build Command:"/usr/bin/make" "cmTC_54588/fast"
/usr/bin/make -f CMakeFiles/cmTC_54588.dir/build.make CMakeFiles/cmTC_54588.dir/build
make[1]: Entering directory '/home/parallels/catkin_ws/build/baxter_tools/CMakeFiles/CMakeTmp'
Building C object CMakeFiles/cmTC_54588.dir/CheckSymbolExists.c.o
/usr/bin/cc     -o CMakeFiles/cmTC_54588.dir/CheckSymbolExists.c.o   -c /home/parallels/catkin_ws/build/baxter_tools/CMakeFiles/CMakeTmp/CheckSymbolExists.c
Linking C executable cmTC_54588
/usr/bin/cmake -E cmake_link_script CMakeFiles/cmTC_54588.dir/link.txt --verbose=1
/usr/bin/cc       CMakeFiles/cmTC_54588.dir/CheckSymbolExists.c.o  -o cmTC_54588 -rdynamic 
CMakeFiles/cmTC_54588.dir/CheckSymbolExists.c.o: In function `main':
CheckSymbolExists.c:(.text+0x16): undefined reference to `pthread_create'
collect2: error: ld returned 1 exit status
CMakeFiles/cmTC_54588.dir/build.make:97: recipe for target 'cmTC_54588' failed
make[1]: *** [cmTC_54588] Error 1
make[1]: Leaving directory '/home/parallels/catkin_ws/build/baxter_tools/CMakeFiles/CMakeTmp'
Makefile:126: recipe for target 'cmTC_54588/fast' failed
make: *** [cmTC_54588/fast] Error 2

File /home/parallels/catkin_ws/build/baxter_tools/CMakeFiles/CMakeTmp/CheckSymbolExists.c:
/* */
#include <pthread.h>

int main(int argc, char** argv)
{
  (void)argv;
#ifndef pthread_create
  return ((int*)(&pthread_create))[argc];
#else
  (void)argc;
  return 0;
#endif
}

Determining if the function pthread_create exists in the pthreads failed with the following output:
Change Dir: /home/parallels/catkin_ws/build/baxter_tools/CMakeFiles/CMakeTmp

Run Build Command:"/usr/bin/make" "cmTC_6f69f/fast"
/usr/bin/make -f CMakeFiles/cmTC_6f69f.dir/build.make CMakeFiles/cmTC_6f69f.dir/build
make[1]: Entering directory '/home/parallels/catkin_ws/build/baxter_tools/CMakeFiles/CMakeTmp'
Building C object CMakeFiles/cmTC_6f69f.dir/CheckFunctionExists.c.o
/usr/bin/cc    -DCHECK_FUNCTION_EXISTS=pthread_create   -o CMakeFiles/cmTC_6f69f.dir/CheckFunctionExists.c.o   -c /usr/share/cmake-3.5/Modules/CheckFunctionExists.c
Linking C executable cmTC_6f69f
/usr/bin/cmake -E cmake_link_script CMakeFiles/cmTC_6f69f.dir/link.txt --verbose=1
/usr/bin/cc   -DCHECK_FUNCTION_EXISTS=pthread_create    CMakeFiles/cmTC_6f69f.dir/CheckFunctionExists.c.o  -o cmTC_6f69f -rdynamic -lpthreads 
/usr/bin/ld: cannot find -lpthreads
collect2: error: ld returned 1 exit status
CMakeFiles/cmTC_6f69f.dir/build.make:97: recipe for target 'cmTC_6f69f' failed
make[1]: *** [cmTC_6f69f] Error 1
make[1]: Leaving directory '/home/parallels/catkin_ws/build/baxter_tools/CMakeFiles/CMakeTmp'
Makefile:126: recipe for target 'cmTC_6f69f/fast' failed
make: *** [cmTC_6f69f/fast] Error 2


