Determining if the pthread_create exist failed with the following output:
Change Dir: /home/parallels/catkin_ws/build/baxter_examples/CMakeFiles/CMakeTmp

Run Build Command:"/usr/bin/make" "cmTC_e027f/fast"
/usr/bin/make -f CMakeFiles/cmTC_e027f.dir/build.make CMakeFiles/cmTC_e027f.dir/build
make[1]: Entering directory '/home/parallels/catkin_ws/build/baxter_examples/CMakeFiles/CMakeTmp'
Building C object CMakeFiles/cmTC_e027f.dir/CheckSymbolExists.c.o
/usr/bin/cc     -o CMakeFiles/cmTC_e027f.dir/CheckSymbolExists.c.o   -c /home/parallels/catkin_ws/build/baxter_examples/CMakeFiles/CMakeTmp/CheckSymbolExists.c
Linking C executable cmTC_e027f
/usr/bin/cmake -E cmake_link_script CMakeFiles/cmTC_e027f.dir/link.txt --verbose=1
/usr/bin/cc       CMakeFiles/cmTC_e027f.dir/CheckSymbolExists.c.o  -o cmTC_e027f -rdynamic 
CMakeFiles/cmTC_e027f.dir/CheckSymbolExists.c.o: In function `main':
CheckSymbolExists.c:(.text+0x16): undefined reference to `pthread_create'
collect2: error: ld returned 1 exit status
CMakeFiles/cmTC_e027f.dir/build.make:97: recipe for target 'cmTC_e027f' failed
make[1]: *** [cmTC_e027f] Error 1
make[1]: Leaving directory '/home/parallels/catkin_ws/build/baxter_examples/CMakeFiles/CMakeTmp'
Makefile:126: recipe for target 'cmTC_e027f/fast' failed
make: *** [cmTC_e027f/fast] Error 2

File /home/parallels/catkin_ws/build/baxter_examples/CMakeFiles/CMakeTmp/CheckSymbolExists.c:
/* */
#include <pthread.h>

int main(int argc, char** argv)
{
  (void)argv;
#ifndef pthread_create
  return ((int*)(&pthread_create))[argc];
#else
  (void)argc;
  return 0;
#endif
}

Determining if the function pthread_create exists in the pthreads failed with the following output:
Change Dir: /home/parallels/catkin_ws/build/baxter_examples/CMakeFiles/CMakeTmp

Run Build Command:"/usr/bin/make" "cmTC_e2a4e/fast"
/usr/bin/make -f CMakeFiles/cmTC_e2a4e.dir/build.make CMakeFiles/cmTC_e2a4e.dir/build
make[1]: Entering directory '/home/parallels/catkin_ws/build/baxter_examples/CMakeFiles/CMakeTmp'
Building C object CMakeFiles/cmTC_e2a4e.dir/CheckFunctionExists.c.o
/usr/bin/cc    -DCHECK_FUNCTION_EXISTS=pthread_create   -o CMakeFiles/cmTC_e2a4e.dir/CheckFunctionExists.c.o   -c /usr/share/cmake-3.5/Modules/CheckFunctionExists.c
Linking C executable cmTC_e2a4e
/usr/bin/cmake -E cmake_link_script CMakeFiles/cmTC_e2a4e.dir/link.txt --verbose=1
/usr/bin/cc   -DCHECK_FUNCTION_EXISTS=pthread_create    CMakeFiles/cmTC_e2a4e.dir/CheckFunctionExists.c.o  -o cmTC_e2a4e -rdynamic -lpthreads 
/usr/bin/ld: cannot find -lpthreads
collect2: error: ld returned 1 exit status
CMakeFiles/cmTC_e2a4e.dir/build.make:97: recipe for target 'cmTC_e2a4e' failed
make[1]: *** [cmTC_e2a4e] Error 1
make[1]: Leaving directory '/home/parallels/catkin_ws/build/baxter_examples/CMakeFiles/CMakeTmp'
Makefile:126: recipe for target 'cmTC_e2a4e/fast' failed
make: *** [cmTC_e2a4e/fast] Error 2


