Not searching for unused variables given on the command line.
[36m--[0m Using CATKIN_DEVEL_PREFIX: /home/student/robotic_laundry/ros_ws/devel/.private/baxter_kinect_calibration
[36m--[0m Using CMAKE_PREFIX_PATH: /home/student/robotic_laundry/ros_ws/devel;/opt/ros/kinetic
[36m--[0m This workspace overlays: /home/student/robotic_laundry/ros_ws/devel;/opt/ros/kinetic
[36m--[0m Using PYTHON_EXECUTABLE: /usr/bin/python
[36m--[0m Using Debian Python package layout
[36m--[0m Using empy: /usr/bin/empy
[36m--[0m Using CATKIN_ENABLE_TESTING: ON
[36m--[0m Call enable_testing()
[36m--[0m Using CATKIN_TEST_RESULTS_DIR: /home/student/robotic_laundry/ros_ws/build/baxter_kinect_calibration/test_results
[36m--[0m Found gtest: gtests will be built
[36m--[0m Using Python nosetests: /usr/bin/nosetests-2.7
[36m--[0m catkin 0.7.6
[31m[1mCMake Error[0m at /opt/ros/kinetic/share/image_geometry/cmake/image_geometryConfig.cmake:106 (message):
  Project 'image_geometry' specifies
  '/opt/ros/kinetic/include/opencv-3.2.0-dev' as an include dir, which is not
  found.  It does neither exist as an absolute directory nor in
  '/opt/ros/kinetic//opt/ros/kinetic/include/opencv-3.2.0-dev'.  Ask the
  maintainer 'Vincent Rabaud <vincent.rabaud@@gmail.com>' to fix it.
[36mCall Stack (most recent call first):[0m
  /opt/ros/kinetic/share/catkin/cmake/catkinConfig.cmake:76 (find_package)
  CMakeLists.txt:11 (find_package)


[36m--[0m Configuring incomplete, errors occurred!
See also "/home/student/robotic_laundry/ros_ws/build/baxter_kinect_calibration/CMakeFiles/CMakeOutput.log".
See also "/home/student/robotic_laundry/ros_ws/build/baxter_kinect_calibration/CMakeFiles/CMakeError.log".
