Determining if the pthread_create exist failed with the following output:
Change Dir: /home/student/robotic_laundry/ros_ws/build/baxter_ikfast_right_arm_plugin/CMakeFiles/CMakeTmp

Run Build Command:"/usr/bin/make" "cmTC_36562/fast"
/usr/bin/make -f CMakeFiles/cmTC_36562.dir/build.make CMakeFiles/cmTC_36562.dir/build
make[1]: Entering directory '/home/student/robotic_laundry/ros_ws/build/baxter_ikfast_right_arm_plugin/CMakeFiles/CMakeTmp'
Building C object CMakeFiles/cmTC_36562.dir/CheckSymbolExists.c.o
/usr/bin/cc     -o CMakeFiles/cmTC_36562.dir/CheckSymbolExists.c.o   -c /home/student/robotic_laundry/ros_ws/build/baxter_ikfast_right_arm_plugin/CMakeFiles/CMakeTmp/CheckSymbolExists.c
Linking C executable cmTC_36562
/usr/bin/cmake -E cmake_link_script CMakeFiles/cmTC_36562.dir/link.txt --verbose=1
/usr/bin/cc       CMakeFiles/cmTC_36562.dir/CheckSymbolExists.c.o  -o cmTC_36562 -rdynamic 
CMakeFiles/cmTC_36562.dir/CheckSymbolExists.c.o: In function `main':
CheckSymbolExists.c:(.text+0x16): undefined reference to `pthread_create'
collect2: error: ld returned 1 exit status
CMakeFiles/cmTC_36562.dir/build.make:97: recipe for target 'cmTC_36562' failed
make[1]: *** [cmTC_36562] Error 1
make[1]: Leaving directory '/home/student/robotic_laundry/ros_ws/build/baxter_ikfast_right_arm_plugin/CMakeFiles/CMakeTmp'
Makefile:126: recipe for target 'cmTC_36562/fast' failed
make: *** [cmTC_36562/fast] Error 2

File /home/student/robotic_laundry/ros_ws/build/baxter_ikfast_right_arm_plugin/CMakeFiles/CMakeTmp/CheckSymbolExists.c:
/* */
#include <pthread.h>

int main(int argc, char** argv)
{
  (void)argv;
#ifndef pthread_create
  return ((int*)(&pthread_create))[argc];
#else
  (void)argc;
  return 0;
#endif
}

Determining if the function pthread_create exists in the pthreads failed with the following output:
Change Dir: /home/student/robotic_laundry/ros_ws/build/baxter_ikfast_right_arm_plugin/CMakeFiles/CMakeTmp

Run Build Command:"/usr/bin/make" "cmTC_92200/fast"
/usr/bin/make -f CMakeFiles/cmTC_92200.dir/build.make CMakeFiles/cmTC_92200.dir/build
make[1]: Entering directory '/home/student/robotic_laundry/ros_ws/build/baxter_ikfast_right_arm_plugin/CMakeFiles/CMakeTmp'
Building C object CMakeFiles/cmTC_92200.dir/CheckFunctionExists.c.o
/usr/bin/cc    -DCHECK_FUNCTION_EXISTS=pthread_create   -o CMakeFiles/cmTC_92200.dir/CheckFunctionExists.c.o   -c /usr/share/cmake-3.5/Modules/CheckFunctionExists.c
Linking C executable cmTC_92200
/usr/bin/cmake -E cmake_link_script CMakeFiles/cmTC_92200.dir/link.txt --verbose=1
/usr/bin/cc   -DCHECK_FUNCTION_EXISTS=pthread_create    CMakeFiles/cmTC_92200.dir/CheckFunctionExists.c.o  -o cmTC_92200 -rdynamic -lpthreads 
/usr/bin/ld: cannot find -lpthreads
collect2: error: ld returned 1 exit status
CMakeFiles/cmTC_92200.dir/build.make:97: recipe for target 'cmTC_92200' failed
make[1]: *** [cmTC_92200] Error 1
make[1]: Leaving directory '/home/student/robotic_laundry/ros_ws/build/baxter_ikfast_right_arm_plugin/CMakeFiles/CMakeTmp'
Makefile:126: recipe for target 'cmTC_92200/fast' failed
make: *** [cmTC_92200/fast] Error 2


