Determining if the pthread_create exist failed with the following output:
Change Dir: /home/student/robotic_laundry/ros_ws/build/catkin_tools_prebuild/CMakeFiles/CMakeTmp

Run Build Command:"/usr/bin/make" "cmTC_2e2cf/fast"
/usr/bin/make -f CMakeFiles/cmTC_2e2cf.dir/build.make CMakeFiles/cmTC_2e2cf.dir/build
make[1]: Entering directory '/home/student/robotic_laundry/ros_ws/build/catkin_tools_prebuild/CMakeFiles/CMakeTmp'
Building C object CMakeFiles/cmTC_2e2cf.dir/CheckSymbolExists.c.o
/usr/bin/cc     -o CMakeFiles/cmTC_2e2cf.dir/CheckSymbolExists.c.o   -c /home/student/robotic_laundry/ros_ws/build/catkin_tools_prebuild/CMakeFiles/CMakeTmp/CheckSymbolExists.c
Linking C executable cmTC_2e2cf
/usr/bin/cmake -E cmake_link_script CMakeFiles/cmTC_2e2cf.dir/link.txt --verbose=1
/usr/bin/cc       CMakeFiles/cmTC_2e2cf.dir/CheckSymbolExists.c.o  -o cmTC_2e2cf -rdynamic 
CMakeFiles/cmTC_2e2cf.dir/CheckSymbolExists.c.o: In function `main':
CheckSymbolExists.c:(.text+0x16): undefined reference to `pthread_create'
collect2: error: ld returned 1 exit status
CMakeFiles/cmTC_2e2cf.dir/build.make:97: recipe for target 'cmTC_2e2cf' failed
make[1]: *** [cmTC_2e2cf] Error 1
make[1]: Leaving directory '/home/student/robotic_laundry/ros_ws/build/catkin_tools_prebuild/CMakeFiles/CMakeTmp'
Makefile:126: recipe for target 'cmTC_2e2cf/fast' failed
make: *** [cmTC_2e2cf/fast] Error 2

File /home/student/robotic_laundry/ros_ws/build/catkin_tools_prebuild/CMakeFiles/CMakeTmp/CheckSymbolExists.c:
/* */
#include <pthread.h>

int main(int argc, char** argv)
{
  (void)argv;
#ifndef pthread_create
  return ((int*)(&pthread_create))[argc];
#else
  (void)argc;
  return 0;
#endif
}

Determining if the function pthread_create exists in the pthreads failed with the following output:
Change Dir: /home/student/robotic_laundry/ros_ws/build/catkin_tools_prebuild/CMakeFiles/CMakeTmp

Run Build Command:"/usr/bin/make" "cmTC_f3cab/fast"
/usr/bin/make -f CMakeFiles/cmTC_f3cab.dir/build.make CMakeFiles/cmTC_f3cab.dir/build
make[1]: Entering directory '/home/student/robotic_laundry/ros_ws/build/catkin_tools_prebuild/CMakeFiles/CMakeTmp'
Building C object CMakeFiles/cmTC_f3cab.dir/CheckFunctionExists.c.o
/usr/bin/cc    -DCHECK_FUNCTION_EXISTS=pthread_create   -o CMakeFiles/cmTC_f3cab.dir/CheckFunctionExists.c.o   -c /usr/share/cmake-3.5/Modules/CheckFunctionExists.c
Linking C executable cmTC_f3cab
/usr/bin/cmake -E cmake_link_script CMakeFiles/cmTC_f3cab.dir/link.txt --verbose=1
/usr/bin/cc   -DCHECK_FUNCTION_EXISTS=pthread_create    CMakeFiles/cmTC_f3cab.dir/CheckFunctionExists.c.o  -o cmTC_f3cab -rdynamic -lpthreads 
/usr/bin/ld: cannot find -lpthreads
collect2: error: ld returned 1 exit status
CMakeFiles/cmTC_f3cab.dir/build.make:97: recipe for target 'cmTC_f3cab' failed
make[1]: *** [cmTC_f3cab] Error 1
make[1]: Leaving directory '/home/student/robotic_laundry/ros_ws/build/catkin_tools_prebuild/CMakeFiles/CMakeTmp'
Makefile:126: recipe for target 'cmTC_f3cab/fast' failed
make: *** [cmTC_f3cab/fast] Error 2


