[35m[1mScanning dependencies of target baxter_kinect_calibration_gencfg[0m
[35m[1mScanning dependencies of target bundle_calibrate[0m
[ 33%] [34m[1mGenerating dynamic reconfigure files from cfg/Params.cfg: /home/parallels/catkin_ws/devel/.private/baxter_kinect_calibration/include/baxter_kinect_calibration/ParamsConfig.h /home/parallels/catkin_ws/devel/.private/baxter_kinect_calibration/lib/python2.7/dist-packages/baxter_kinect_calibration/cfg/ParamsConfig.py[0m
Generating reconfiguration files for Params in ar_track_alvar
Wrote header file in /home/parallels/catkin_ws/devel/.private/baxter_kinect_calibration/include/baxter_kinect_calibration/ParamsConfig.h
[ 33%] Built target baxter_kinect_calibration_gencfg
[ 66%] [32mBuilding CXX object CMakeFiles/bundle_calibrate.dir/src/calibrate_kinect_alvar_bundle.cpp.o[0m
[01m[K/home/parallels/catkin_ws/src/baxter_kinect_calibration/src/calibrate_kinect_alvar_bundle.cpp:[m[K In function ‘[01m[Kint PlaneFitPoseImprovement(int, const ARCloud&, pcl::PointCloud<pcl::PointXYZRGB>::Ptr, const ARCloud&, alvar::Pose&)[m[K’:
[01m[K/home/parallels/catkin_ws/src/baxter_kinect_calibration/src/calibrate_kinect_alvar_bundle.cpp:132:58:[m[K [01;35m[Kwarning: [m[Kextended initializer lists only available with -std=c++11 or -std=gnu++11
   int *xPoints = getTwoValidPoints(corners_3D, new int[2]{0,3}, new int[2]{1,2});
[01;32m[K                                                          ^[m[K
[01m[K/home/parallels/catkin_ws/src/baxter_kinect_calibration/src/calibrate_kinect_alvar_bundle.cpp:132:75:[m[K [01;35m[Kwarning: [m[Kextended initializer lists only available with -std=c++11 or -std=gnu++11
   int *xPoints = getTwoValidPoints(corners_3D, new int[2]{0,3}, new int[2]{1,2});
[01;32m[K                                                                           ^[m[K
[01m[K/home/parallels/catkin_ws/src/baxter_kinect_calibration/src/calibrate_kinect_alvar_bundle.cpp:133:58:[m[K [01;35m[Kwarning: [m[Kextended initializer lists only available with -std=c++11 or -std=gnu++11
   int *yPoints = getTwoValidPoints(corners_3D, new int[2]{1,0}, new int[2]{2,3});  
[01;32m[K                                                          ^[m[K
[01m[K/home/parallels/catkin_ws/src/baxter_kinect_calibration/src/calibrate_kinect_alvar_bundle.cpp:133:75:[m[K [01;35m[Kwarning: [m[Kextended initializer lists only available with -std=c++11 or -std=gnu++11
   int *yPoints = getTwoValidPoints(corners_3D, new int[2]{1,0}, new int[2]{2,3});  
[01;32m[K                                                                           ^[m[K
[100%] [32m[1mLinking CXX executable /home/parallels/catkin_ws/devel/.private/baxter_kinect_calibration/lib/baxter_kinect_calibration/bundle_calibrate[0m
[100%] Built target bundle_calibrate
