Determining if the pthread_create exist failed with the following output:
Change Dir: /home/parallels/catkin_ws/build/catkin_tools_prebuild/CMakeFiles/CMakeTmp

Run Build Command:"/usr/bin/make" "cmTC_f98fc/fast"
/usr/bin/make -f CMakeFiles/cmTC_f98fc.dir/build.make CMakeFiles/cmTC_f98fc.dir/build
make[1]: Entering directory '/home/parallels/catkin_ws/build/catkin_tools_prebuild/CMakeFiles/CMakeTmp'
Building C object CMakeFiles/cmTC_f98fc.dir/CheckSymbolExists.c.o
/usr/bin/cc     -o CMakeFiles/cmTC_f98fc.dir/CheckSymbolExists.c.o   -c /home/parallels/catkin_ws/build/catkin_tools_prebuild/CMakeFiles/CMakeTmp/CheckSymbolExists.c
Linking C executable cmTC_f98fc
/usr/bin/cmake -E cmake_link_script CMakeFiles/cmTC_f98fc.dir/link.txt --verbose=1
/usr/bin/cc       CMakeFiles/cmTC_f98fc.dir/CheckSymbolExists.c.o  -o cmTC_f98fc -rdynamic 
CMakeFiles/cmTC_f98fc.dir/CheckSymbolExists.c.o: In function `main':
CheckSymbolExists.c:(.text+0x16): undefined reference to `pthread_create'
collect2: error: ld returned 1 exit status
CMakeFiles/cmTC_f98fc.dir/build.make:97: recipe for target 'cmTC_f98fc' failed
make[1]: *** [cmTC_f98fc] Error 1
make[1]: Leaving directory '/home/parallels/catkin_ws/build/catkin_tools_prebuild/CMakeFiles/CMakeTmp'
Makefile:126: recipe for target 'cmTC_f98fc/fast' failed
make: *** [cmTC_f98fc/fast] Error 2

File /home/parallels/catkin_ws/build/catkin_tools_prebuild/CMakeFiles/CMakeTmp/CheckSymbolExists.c:
/* */
#include <pthread.h>

int main(int argc, char** argv)
{
  (void)argv;
#ifndef pthread_create
  return ((int*)(&pthread_create))[argc];
#else
  (void)argc;
  return 0;
#endif
}

Determining if the function pthread_create exists in the pthreads failed with the following output:
Change Dir: /home/parallels/catkin_ws/build/catkin_tools_prebuild/CMakeFiles/CMakeTmp

Run Build Command:"/usr/bin/make" "cmTC_a94fd/fast"
/usr/bin/make -f CMakeFiles/cmTC_a94fd.dir/build.make CMakeFiles/cmTC_a94fd.dir/build
make[1]: Entering directory '/home/parallels/catkin_ws/build/catkin_tools_prebuild/CMakeFiles/CMakeTmp'
Building C object CMakeFiles/cmTC_a94fd.dir/CheckFunctionExists.c.o
/usr/bin/cc    -DCHECK_FUNCTION_EXISTS=pthread_create   -o CMakeFiles/cmTC_a94fd.dir/CheckFunctionExists.c.o   -c /usr/share/cmake-3.5/Modules/CheckFunctionExists.c
Linking C executable cmTC_a94fd
/usr/bin/cmake -E cmake_link_script CMakeFiles/cmTC_a94fd.dir/link.txt --verbose=1
/usr/bin/cc   -DCHECK_FUNCTION_EXISTS=pthread_create    CMakeFiles/cmTC_a94fd.dir/CheckFunctionExists.c.o  -o cmTC_a94fd -rdynamic -lpthreads 
/usr/bin/ld: cannot find -lpthreads
collect2: error: ld returned 1 exit status
CMakeFiles/cmTC_a94fd.dir/build.make:97: recipe for target 'cmTC_a94fd' failed
make[1]: *** [cmTC_a94fd] Error 1
make[1]: Leaving directory '/home/parallels/catkin_ws/build/catkin_tools_prebuild/CMakeFiles/CMakeTmp'
Makefile:126: recipe for target 'cmTC_a94fd/fast' failed
make: *** [cmTC_a94fd/fast] Error 2


