Determining if the pthread_create exist failed with the following output:
Change Dir: /home/parallels/catkin_ws/build/beginner_tutorials/CMakeFiles/CMakeTmp

Run Build Command:"/usr/bin/make" "cmTC_04ecd/fast"
/usr/bin/make -f CMakeFiles/cmTC_04ecd.dir/build.make CMakeFiles/cmTC_04ecd.dir/build
make[1]: Entering directory '/home/parallels/catkin_ws/build/beginner_tutorials/CMakeFiles/CMakeTmp'
Building C object CMakeFiles/cmTC_04ecd.dir/CheckSymbolExists.c.o
/usr/bin/cc     -o CMakeFiles/cmTC_04ecd.dir/CheckSymbolExists.c.o   -c /home/parallels/catkin_ws/build/beginner_tutorials/CMakeFiles/CMakeTmp/CheckSymbolExists.c
Linking C executable cmTC_04ecd
/usr/bin/cmake -E cmake_link_script CMakeFiles/cmTC_04ecd.dir/link.txt --verbose=1
/usr/bin/cc       CMakeFiles/cmTC_04ecd.dir/CheckSymbolExists.c.o  -o cmTC_04ecd -rdynamic 
CMakeFiles/cmTC_04ecd.dir/CheckSymbolExists.c.o: In function `main':
CheckSymbolExists.c:(.text+0x16): undefined reference to `pthread_create'
collect2: error: ld returned 1 exit status
CMakeFiles/cmTC_04ecd.dir/build.make:97: recipe for target 'cmTC_04ecd' failed
make[1]: *** [cmTC_04ecd] Error 1
make[1]: Leaving directory '/home/parallels/catkin_ws/build/beginner_tutorials/CMakeFiles/CMakeTmp'
Makefile:126: recipe for target 'cmTC_04ecd/fast' failed
make: *** [cmTC_04ecd/fast] Error 2

File /home/parallels/catkin_ws/build/beginner_tutorials/CMakeFiles/CMakeTmp/CheckSymbolExists.c:
/* */
#include <pthread.h>

int main(int argc, char** argv)
{
  (void)argv;
#ifndef pthread_create
  return ((int*)(&pthread_create))[argc];
#else
  (void)argc;
  return 0;
#endif
}

Determining if the function pthread_create exists in the pthreads failed with the following output:
Change Dir: /home/parallels/catkin_ws/build/beginner_tutorials/CMakeFiles/CMakeTmp

Run Build Command:"/usr/bin/make" "cmTC_41990/fast"
/usr/bin/make -f CMakeFiles/cmTC_41990.dir/build.make CMakeFiles/cmTC_41990.dir/build
make[1]: Entering directory '/home/parallels/catkin_ws/build/beginner_tutorials/CMakeFiles/CMakeTmp'
Building C object CMakeFiles/cmTC_41990.dir/CheckFunctionExists.c.o
/usr/bin/cc    -DCHECK_FUNCTION_EXISTS=pthread_create   -o CMakeFiles/cmTC_41990.dir/CheckFunctionExists.c.o   -c /usr/share/cmake-3.5/Modules/CheckFunctionExists.c
Linking C executable cmTC_41990
/usr/bin/cmake -E cmake_link_script CMakeFiles/cmTC_41990.dir/link.txt --verbose=1
/usr/bin/cc   -DCHECK_FUNCTION_EXISTS=pthread_create    CMakeFiles/cmTC_41990.dir/CheckFunctionExists.c.o  -o cmTC_41990 -rdynamic -lpthreads 
/usr/bin/ld: cannot find -lpthreads
collect2: error: ld returned 1 exit status
CMakeFiles/cmTC_41990.dir/build.make:97: recipe for target 'cmTC_41990' failed
make[1]: *** [cmTC_41990] Error 1
make[1]: Leaving directory '/home/parallels/catkin_ws/build/beginner_tutorials/CMakeFiles/CMakeTmp'
Makefile:126: recipe for target 'cmTC_41990/fast' failed
make: *** [cmTC_41990/fast] Error 2


