Determining if the pthread_create exist failed with the following output:
Change Dir: /home/student/robotic_laundry/ros_ws/build/baxter_description/CMakeFiles/CMakeTmp

Run Build Command:"/usr/bin/make" "cmTC_b3e7e/fast"
/usr/bin/make -f CMakeFiles/cmTC_b3e7e.dir/build.make CMakeFiles/cmTC_b3e7e.dir/build
make[1]: Entering directory '/home/student/robotic_laundry/ros_ws/build/baxter_description/CMakeFiles/CMakeTmp'
Building C object CMakeFiles/cmTC_b3e7e.dir/CheckSymbolExists.c.o
/usr/bin/cc     -o CMakeFiles/cmTC_b3e7e.dir/CheckSymbolExists.c.o   -c /home/student/robotic_laundry/ros_ws/build/baxter_description/CMakeFiles/CMakeTmp/CheckSymbolExists.c
Linking C executable cmTC_b3e7e
/usr/bin/cmake -E cmake_link_script CMakeFiles/cmTC_b3e7e.dir/link.txt --verbose=1
/usr/bin/cc       CMakeFiles/cmTC_b3e7e.dir/CheckSymbolExists.c.o  -o cmTC_b3e7e -rdynamic 
CMakeFiles/cmTC_b3e7e.dir/CheckSymbolExists.c.o: In function `main':
CheckSymbolExists.c:(.text+0x16): undefined reference to `pthread_create'
collect2: error: ld returned 1 exit status
CMakeFiles/cmTC_b3e7e.dir/build.make:97: recipe for target 'cmTC_b3e7e' failed
make[1]: *** [cmTC_b3e7e] Error 1
make[1]: Leaving directory '/home/student/robotic_laundry/ros_ws/build/baxter_description/CMakeFiles/CMakeTmp'
Makefile:126: recipe for target 'cmTC_b3e7e/fast' failed
make: *** [cmTC_b3e7e/fast] Error 2

File /home/student/robotic_laundry/ros_ws/build/baxter_description/CMakeFiles/CMakeTmp/CheckSymbolExists.c:
/* */
#include <pthread.h>

int main(int argc, char** argv)
{
  (void)argv;
#ifndef pthread_create
  return ((int*)(&pthread_create))[argc];
#else
  (void)argc;
  return 0;
#endif
}

Determining if the function pthread_create exists in the pthreads failed with the following output:
Change Dir: /home/student/robotic_laundry/ros_ws/build/baxter_description/CMakeFiles/CMakeTmp

Run Build Command:"/usr/bin/make" "cmTC_40a5f/fast"
/usr/bin/make -f CMakeFiles/cmTC_40a5f.dir/build.make CMakeFiles/cmTC_40a5f.dir/build
make[1]: Entering directory '/home/student/robotic_laundry/ros_ws/build/baxter_description/CMakeFiles/CMakeTmp'
Building C object CMakeFiles/cmTC_40a5f.dir/CheckFunctionExists.c.o
/usr/bin/cc    -DCHECK_FUNCTION_EXISTS=pthread_create   -o CMakeFiles/cmTC_40a5f.dir/CheckFunctionExists.c.o   -c /usr/share/cmake-3.5/Modules/CheckFunctionExists.c
Linking C executable cmTC_40a5f
/usr/bin/cmake -E cmake_link_script CMakeFiles/cmTC_40a5f.dir/link.txt --verbose=1
/usr/bin/cc   -DCHECK_FUNCTION_EXISTS=pthread_create    CMakeFiles/cmTC_40a5f.dir/CheckFunctionExists.c.o  -o cmTC_40a5f -rdynamic -lpthreads 
/usr/bin/ld: cannot find -lpthreads
collect2: error: ld returned 1 exit status
CMakeFiles/cmTC_40a5f.dir/build.make:97: recipe for target 'cmTC_40a5f' failed
make[1]: *** [cmTC_40a5f] Error 1
make[1]: Leaving directory '/home/student/robotic_laundry/ros_ws/build/baxter_description/CMakeFiles/CMakeTmp'
Makefile:126: recipe for target 'cmTC_40a5f/fast' failed
make: *** [cmTC_40a5f/fast] Error 2


